<?xml version="1.0" encoding="UTF-8"?>
<!-- Generated by org.testng.reporters.JUnitReportReporter -->
<testsuite skipped="0" hostname="nagaraj-PC" name="com.testng.Flipkart" tests="1" failures="0" timestamp="2021-06-16T12:29:49 IST" time="57.479" errors="0">
  <testcase name="flipkart" time="57.479" classname="com.testng.Flipkart"/>
  <system-out/>
</testsuite> <!-- com.testng.Flipkart -->
